# JRE version: OpenJDK Runtime Environment Temurin-17.0.6+10 (17.0.6+10) (build 17.0.6+10)
# Java VM: OpenJDK 64-Bit Server VM Temurin-17.0.6+10 (17.0.6+10, mixed mode, tiered, compressed oops, compressed class ptrs, g1 gc, windows-amd64)
GC Precious Log:
 CPUs: 6 total, 6 available
 Memory: 8029M
 Large Page Support: Disabled
 NUMA Support: Disabled
 Compressed Oops: Enabled (32-bit)
 Heap Region Size: 1M
 Heap Min Capacity: 8M
 Heap Initial Capacity: 126M
 Heap Max Capacity: 2008M
 Pre-touch: Disabled
 Parallel Workers: 6
 Concurrent Workers: 2
 Concurrent Refinement Workers: 6
 Periodic GC: Disabled
Heap:
 garbage-first heap   total 97280K, used 57805K [0x0000000082800000, 0x0000000100000000)
  region size 1024K, 34 young (34816K), 3 survivors (3072K)
 Metaspace       used 42264K, committed 43200K, reserved 1089536K
  class space    used 4464K, committed 4864K, reserved 1048576K
GC Heap History (20 events):
Event: 2.080 GC heap before
{Heap before GC invocations=7 (full 0):
 garbage-first heap   total 57344K, used 36577K [0x0000000082800000, 0x0000000100000000)
  region size 1024K, 26 young (26624K), 1 survivors (1024K)
 Metaspace       used 33056K, committed 33728K, reserved 1081344K
  class space    used 3514K, committed 3776K, reserved 1048576K
}
Event: 2.082 GC heap after
{Heap after GC invocations=8 (full 0):
 garbage-first heap   total 57344K, used 12010K [0x0000000082800000, 0x0000000100000000)
  region size 1024K, 1 young (1024K), 1 survivors (1024K)
 Metaspace       used 33056K, committed 33728K, reserved 1081344K
  class space    used 3514K, committed 3776K, reserved 1048576K
}
Event: 2.298 GC heap before
{Heap before GC invocations=8 (full 0):
 garbage-first heap   total 57344K, used 43754K [0x0000000082800000, 0x0000000100000000)
  region size 1024K, 32 young (32768K), 1 survivors (1024K)
 Metaspace       used 33490K, committed 34112K, reserved 1081344K
  class space    used 3550K, committed 3776K, reserved 1048576K
}
Event: 2.310 GC heap after
{Heap after GC invocations=9 (full 0):
 garbage-first heap   total 68608K, used 35735K [0x0000000082800000, 0x0000000100000000)
  region size 1024K, 4 young (4096K), 4 survivors (4096K)
 Metaspace       used 33490K, committed 34112K, reserved 1081344K
  class space    used 3550K, committed 3776K, reserved 1048576K
}
Event: 2.390 GC heap before
{Heap before GC invocations=9 (full 0):
 garbage-first heap   total 68608K, used 45975K [0x0000000082800000, 0x0000000100000000)
  region size 1024K, 14 young (14336K), 4 survivors (4096K)
 Metaspace       used 33542K, committed 34176K, reserved 1081344K
  class space    used 3550K, committed 3776K, reserved 1048576K
}
Event: 2.396 GC heap after
{Heap after GC invocations=10 (full 0):
 garbage-first heap   total 68608K, used 39349K [0x0000000082800000, 0x0000000100000000)
  region size 1024K, 2 young (2048K), 2 survivors (2048K)
 Metaspace       used 33542K, committed 34176K, reserved 1081344K
  class space    used 3550K, committed 3776K, reserved 1048576K
}
Event: 3.313 GC heap before
{Heap before GC invocations=11 (full 0):
 garbage-first heap   total 71680K, used 48565K [0x0000000082800000, 0x0000000100000000)
  region size 1024K, 11 young (11264K), 2 survivors (2048K)
 Metaspace       used 33544K, committed 34176K, reserved 1081344K
  class space    used 3550K, committed 3776K, reserved 1048576K
}
Event: 3.316 GC heap after
{Heap after GC invocations=12 (full 0):
 garbage-first heap   total 71680K, used 43228K [0x0000000082800000, 0x0000000100000000)
  region size 1024K, 2 young (2048K), 2 survivors (2048K)
 Metaspace       used 33544K, committed 34176K, reserved 1081344K
  class space    used 3550K, committed 3776K, reserved 1048576K
}
Event: 3.339 GC heap before
{Heap before GC invocations=12 (full 0):
 garbage-first heap   total 71680K, used 51420K [0x0000000082800000, 0x0000000100000000)
  region size 1024K, 11 young (11264K), 2 survivors (2048K)
 Metaspace       used 33587K, committed 34240K, reserved 1081344K
  class space    used 3556K, committed 3776K, reserved 1048576K
}
Event: 3.340 GC heap after
{Heap after GC invocations=13 (full 0):
 garbage-first heap   total 71680K, used 44040K [0x0000000082800000, 0x0000000100000000)
  region size 1024K, 1 young (1024K), 1 survivors (1024K)
 Metaspace       used 33587K, committed 34240K, reserved 1081344K
  class space    used 3556K, committed 3776K, reserved 1048576K
}
Event: 3.435 GC heap before
{Heap before GC invocations=14 (full 0):
 garbage-first heap   total 78848K, used 52232K [0x0000000082800000, 0x0000000100000000)
  region size 1024K, 10 young (10240K), 1 survivors (1024K)
 Metaspace       used 34137K, committed 34752K, reserved 1081344K
  class space    used 3613K, committed 3840K, reserved 1048576K
}
Event: 3.436 GC heap after
{Heap after GC invocations=15 (full 0):
 garbage-first heap   total 78848K, used 43901K [0x0000000082800000, 0x0000000100000000)
  region size 1024K, 1 young (1024K), 1 survivors (1024K)
 Metaspace       used 34137K, committed 34752K, reserved 1081344K
  class space    used 3613K, committed 3840K, reserved 1048576K
}
Event: 3.509 GC heap before
{Heap before GC invocations=15 (full 0):
 garbage-first heap   total 78848K, used 45949K [0x0000000082800000, 0x0000000100000000)
  region size 1024K, 3 young (3072K), 1 survivors (1024K)
 Metaspace       used 34847K, committed 35584K, reserved 1081344K
  class space    used 3694K, committed 4032K, reserved 1048576K
}
Event: 3.511 GC heap after
{Heap after GC invocations=16 (full 0):
 garbage-first heap   total 97280K, used 36539K [0x0000000082800000, 0x0000000100000000)
  region size 1024K, 1 young (1024K), 1 survivors (1024K)
 Metaspace       used 34847K, committed 35584K, reserved 1081344K
  class space    used 3694K, committed 4032K, reserved 1048576K
}
Event: 3.608 GC heap before
{Heap before GC invocations=16 (full 0):
 garbage-first heap   total 97280K, used 38587K [0x0000000082800000, 0x0000000100000000)
  region size 1024K, 4 young (4096K), 1 survivors (1024K)
 Metaspace       used 36090K, committed 36800K, reserved 1089536K
  class space    used 3847K, committed 4160K, reserved 1048576K
}
Event: 3.610 GC heap after
{Heap after GC invocations=17 (full 0):
 garbage-first heap   total 97280K, used 27335K [0x0000000082800000, 0x0000000100000000)
  region size 1024K, 1 young (1024K), 1 survivors (1024K)
 Metaspace       used 36090K, committed 36800K, reserved 1089536K
  class space    used 3847K, committed 4160K, reserved 1048576K
}
Event: 3.658 GC heap before
{Heap before GC invocations=17 (full 0):
 garbage-first heap   total 97280K, used 29383K [0x0000000082800000, 0x0000000100000000)
  region size 1024K, 4 young (4096K), 1 survivors (1024K)
 Metaspace       used 36632K, committed 37376K, reserved 1089536K
  class space    used 3896K, committed 4224K, reserved 1048576K
}
Event: 3.659 GC heap after
{Heap after GC invocations=18 (full 0):
 garbage-first heap   total 97280K, used 24767K [0x0000000082800000, 0x0000000100000000)
  region size 1024K, 1 young (1024K), 1 survivors (1024K)
 Metaspace       used 36632K, committed 37376K, reserved 1089536K
  class space    used 3896K, committed 4224K, reserved 1048576K
}
Event: 4.233 GC heap before
{Heap before GC invocations=18 (full 0):
 garbage-first heap   total 97280K, used 63679K [0x0000000082800000, 0x0000000100000000)
  region size 1024K, 40 young (40960K), 1 survivors (1024K)
 Metaspace       used 39099K, committed 39872K, reserved 1089536K
  class space    used 4092K, committed 4416K, reserved 1048576K
}
Event: 4.236 GC heap after
{Heap after GC invocations=19 (full 0):
 garbage-first heap   total 97280K, used 25917K [0x0000000082800000, 0x0000000100000000)
  region size 1024K, 2 young (2048K), 2 survivors (2048K)
 Metaspace       used 39099K, committed 39872K, reserved 1089536K
  class space    used 4092K, committed 4416K, reserved 1048576K
}

