# JRE version: OpenJDK Runtime Environment Temurin-17.0.6+10 (17.0.6+10) (build 17.0.6+10)
# Java VM: OpenJDK 64-Bit Server VM Temurin-17.0.6+10 (17.0.6+10, mixed mode, tiered, compressed oops, compressed class ptrs, g1 gc, windows-amd64)
GC Precious Log:
 CPUs: 6 total, 6 available
 Memory: 8029M
 Large Page Support: Disabled
 NUMA Support: Disabled
 Compressed Oops: Enabled (32-bit)
 Heap Region Size: 1M
 Heap Min Capacity: 8M
 Heap Initial Capacity: 126M
 Heap Max Capacity: 2008M
 Pre-touch: Disabled
 Parallel Workers: 6
 Concurrent Workers: 2
 Concurrent Refinement Workers: 6
 Periodic GC: Disabled
Heap:
 garbage-first heap   total 117760K, used 42891K [0x0000000082800000, 0x0000000100000000)
  region size 1024K, 1 young (1024K), 1 survivors (1024K)
 Metaspace       used 33549K, committed 34176K, reserved 1081344K
  class space    used 3549K, committed 3776K, reserved 1048576K
GC Heap History (20 events):
Event: 1.581 GC heap after
{Heap after GC invocations=3 (full 0):
 garbage-first heap   total 129024K, used 9725K [0x0000000082800000, 0x0000000100000000)
  region size 1024K, 4 young (4096K), 4 survivors (4096K)
 Metaspace       used 21125K, committed 21504K, reserved 1073152K
  class space    used 2049K, committed 2240K, reserved 1048576K
}
Event: 2.383 GC heap before
{Heap before GC invocations=4 (full 0):
 garbage-first heap   total 40960K, used 29181K [0x0000000082800000, 0x0000000100000000)
  region size 1024K, 24 young (24576K), 4 survivors (4096K)
 Metaspace       used 30522K, committed 31104K, reserved 1081344K
  class space    used 3194K, committed 3392K, reserved 1048576K
}
Event: 2.387 GC heap after
{Heap after GC invocations=5 (full 0):
 garbage-first heap   total 40960K, used 11815K [0x0000000082800000, 0x0000000100000000)
  region size 1024K, 6 young (6144K), 6 survivors (6144K)
 Metaspace       used 30522K, committed 31104K, reserved 1081344K
  class space    used 3194K, committed 3392K, reserved 1048576K
}
Event: 2.541 GC heap before
{Heap before GC invocations=5 (full 0):
 garbage-first heap   total 40960K, used 26151K [0x0000000082800000, 0x0000000100000000)
  region size 1024K, 21 young (21504K), 6 survivors (6144K)
 Metaspace       used 32831K, committed 33472K, reserved 1081344K
  class space    used 3505K, committed 3776K, reserved 1048576K
}
Event: 2.545 GC heap after
{Heap after GC invocations=6 (full 0):
 garbage-first heap   total 40960K, used 12285K [0x0000000082800000, 0x0000000100000000)
  region size 1024K, 1 young (1024K), 1 survivors (1024K)
 Metaspace       used 32831K, committed 33472K, reserved 1081344K
  class space    used 3505K, committed 3776K, reserved 1048576K
}
Event: 2.587 GC heap before
{Heap before GC invocations=6 (full 0):
 garbage-first heap   total 40960K, used 26621K [0x0000000082800000, 0x0000000100000000)
  region size 1024K, 16 young (16384K), 1 survivors (1024K)
 Metaspace       used 33043K, committed 33728K, reserved 1081344K
  class space    used 3513K, committed 3776K, reserved 1048576K
}
Event: 2.588 GC heap after
{Heap after GC invocations=7 (full 0):
 garbage-first heap   total 40960K, used 12128K [0x0000000082800000, 0x0000000100000000)
  region size 1024K, 1 young (1024K), 1 survivors (1024K)
 Metaspace       used 33043K, committed 33728K, reserved 1081344K
  class space    used 3513K, committed 3776K, reserved 1048576K
}
Event: 2.697 GC heap before
{Heap before GC invocations=7 (full 0):
 garbage-first heap   total 40960K, used 28512K [0x0000000082800000, 0x0000000100000000)
  region size 1024K, 17 young (17408K), 1 survivors (1024K)
 Metaspace       used 33476K, committed 34112K, reserved 1081344K
  class space    used 3546K, committed 3776K, reserved 1048576K
}
Event: 2.699 GC heap after
{Heap after GC invocations=8 (full 0):
 garbage-first heap   total 40960K, used 15417K [0x0000000082800000, 0x0000000100000000)
  region size 1024K, 3 young (3072K), 3 survivors (3072K)
 Metaspace       used 33476K, committed 34112K, reserved 1081344K
  class space    used 3546K, committed 3776K, reserved 1048576K
}
Event: 2.767 GC heap before
{Heap before GC invocations=8 (full 0):
 garbage-first heap   total 40960K, used 28729K [0x0000000082800000, 0x0000000100000000)
  region size 1024K, 16 young (16384K), 3 survivors (3072K)
 Metaspace       used 33485K, committed 34112K, reserved 1081344K
  class space    used 3546K, committed 3776K, reserved 1048576K
}
Event: 2.776 GC heap after
{Heap after GC invocations=9 (full 0):
 garbage-first heap   total 55296K, used 28804K [0x0000000082800000, 0x0000000100000000)
  region size 1024K, 2 young (2048K), 2 survivors (2048K)
 Metaspace       used 33485K, committed 34112K, reserved 1081344K
  class space    used 3546K, committed 3776K, reserved 1048576K
}
Event: 2.802 GC heap before
{Heap before GC invocations=9 (full 0):
 garbage-first heap   total 55296K, used 35972K [0x0000000082800000, 0x0000000100000000)
  region size 1024K, 9 young (9216K), 2 survivors (2048K)
 Metaspace       used 33485K, committed 34112K, reserved 1081344K
  class space    used 3546K, committed 3776K, reserved 1048576K
}
Event: 2.807 GC heap after
{Heap after GC invocations=10 (full 0):
 garbage-first heap   total 55296K, used 35998K [0x0000000082800000, 0x0000000100000000)
  region size 1024K, 2 young (2048K), 2 survivors (2048K)
 Metaspace       used 33485K, committed 34112K, reserved 1081344K
  class space    used 3546K, committed 3776K, reserved 1048576K
}
Event: 2.875 GC heap before
{Heap before GC invocations=11 (full 0):
 garbage-first heap   total 66560K, used 39070K [0x0000000082800000, 0x0000000100000000)
  region size 1024K, 5 young (5120K), 2 survivors (2048K)
 Metaspace       used 33501K, committed 34112K, reserved 1081344K
  class space    used 3549K, committed 3776K, reserved 1048576K
}
Event: 2.879 GC heap after
{Heap after GC invocations=12 (full 0):
 garbage-first heap   total 66560K, used 39559K [0x0000000082800000, 0x0000000100000000)
  region size 1024K, 1 young (1024K), 1 survivors (1024K)
 Metaspace       used 33501K, committed 34112K, reserved 1081344K
  class space    used 3549K, committed 3776K, reserved 1048576K
}
Event: 2.930 GC heap before
{Heap before GC invocations=12 (full 0):
 garbage-first heap   total 66560K, used 44679K [0x0000000082800000, 0x0000000100000000)
  region size 1024K, 6 young (6144K), 1 survivors (1024K)
 Metaspace       used 33549K, committed 34176K, reserved 1081344K
  class space    used 3549K, committed 3776K, reserved 1048576K
}
Event: 2.932 GC heap after
{Heap after GC invocations=13 (full 0):
 garbage-first heap   total 66560K, used 40885K [0x0000000082800000, 0x0000000100000000)
  region size 1024K, 1 young (1024K), 1 survivors (1024K)
 Metaspace       used 33549K, committed 34176K, reserved 1081344K
  class space    used 3549K, committed 3776K, reserved 1048576K
}
Event: 2.984 GC heap before
{Heap before GC invocations=14 (full 0):
 garbage-first heap   total 73728K, used 46005K [0x0000000082800000, 0x0000000100000000)
  region size 1024K, 6 young (6144K), 1 survivors (1024K)
 Metaspace       used 33549K, committed 34176K, reserved 1081344K
  class space    used 3549K, committed 3776K, reserved 1048576K
}
Event: 2.986 GC heap after
{Heap after GC invocations=15 (full 0):
 garbage-first heap   total 73728K, used 42280K [0x0000000082800000, 0x0000000100000000)
  region size 1024K, 1 young (1024K), 1 survivors (1024K)
 Metaspace       used 33549K, committed 34176K, reserved 1081344K
  class space    used 3549K, committed 3776K, reserved 1048576K
}
Event: 3.000 GC heap before
{Heap before GC invocations=15 (full 0):
 garbage-first heap   total 73728K, used 44328K [0x0000000082800000, 0x0000000100000000)
  region size 1024K, 3 young (3072K), 1 survivors (1024K)
 Metaspace       used 33549K, committed 34176K, reserved 1081344K
  class space    used 3549K, committed 3776K, reserved 1048576K
}

